<?xml version="1.0" encoding="UTF-8"?>
<!-- Generated by org.testng.reporters.JUnitReportReporter -->
<testsuite hostname="vtipl-c-pc855-l" failures="0" tests="1" name="testCases.Create_Deployment" time="0.685" errors="0" timestamp="2025-02-28T14:02:14 IST" skipped="0">
  <testcase classname="testCases.Create_Deployment" name="createDeployment" time="0.685"/>
  <system-out/>
</testsuite> <!-- testCases.Create_Deployment -->
