<?xml version="1.0" encoding="UTF-8"?>
<!-- Generated by org.testng.reporters.JUnitReportReporter -->
<testsuite hostname="vtipl-c-pc855-l" failures="0" tests="1" name="testCases.User_Mail_Verification" time="9.012" errors="0" timestamp="2025-02-17T15:21:51 IST" skipped="0">
  <testcase classname="testCases.User_Mail_Verification" name="launchMail" time="9.012"/>
  <system-out/>
</testsuite> <!-- testCases.User_Mail_Verification -->
