<?xml version="1.0" encoding="UTF-8"?>
<!-- Generated by org.testng.reporters.JUnitReportReporter -->
<testsuite hostname="vtipl-c-pc855-l" failures="0" tests="2" name="testCases.Login" time="21.848" errors="0" timestamp="2025-06-03T15:41:38 IST" skipped="0">
  <testcase classname="testCases.Login" name="loginPage" time="4.018"/>
  <system-out/>
  <testcase classname="testCases.Login" name="loginPage" time="17.830"/>
  <system-out/>
</testsuite> <!-- testCases.Login -->
