<?xml version="1.0" encoding="UTF-8"?>
<!-- Generated by org.testng.reporters.JUnitReportReporter -->
<testsuite hostname="vtipl-c-pc855-l" failures="0" tests="1" name="testCases.UpgradeVolpay" time="0.300" errors="0" timestamp="2025-06-03T15:41:38 IST" skipped="0">
  <testcase classname="testCases.UpgradeVolpay" name="upgradeVolpay" time="0.300"/>
  <system-out/>
</testsuite> <!-- testCases.UpgradeVolpay -->
