<?xml version="1.0" encoding="UTF-8"?>
<!-- Generated by org.testng.reporters.JUnitReportReporter -->
<testsuite hostname="vtipl-c-pc855-l" failures="0" tests="1" name="testCases.CreateRelease" time="7.224" errors="0" timestamp="2025-06-03T15:41:38 IST" skipped="0">
  <testcase classname="testCases.CreateRelease" name="createRelease" time="7.224"/>
  <system-out/>
</testsuite> <!-- testCases.CreateRelease -->
