<?xml version="1.0" encoding="UTF-8"?>
<!-- Generated by org.testng.reporters.JUnitReportReporter -->
<testsuite hostname="vtipl-c-pc855-l" failures="0" tests="1" name="testCases.Tenant_creation" time="45.200" errors="0" timestamp="2025-02-28T14:02:14 IST" skipped="0">
  <testcase classname="testCases.Tenant_creation" name="tenantCreation" time="45.200"/>
  <system-out/>
</testsuite> <!-- testCases.Tenant_creation -->
