<?xml version="1.0" encoding="UTF-8"?>
<!-- Generated by org.testng.reporters.JUnitReportReporter -->
<testsuite hostname="vtipl-c-pc855-l" failures="0" tests="1" name="testCases.CreateDeployment" time="5.267" errors="0" timestamp="2025-06-03T15:41:38 IST" skipped="0">
  <testcase classname="testCases.CreateDeployment" name="createDeployment" time="5.267"/>
  <system-out/>
</testsuite> <!-- testCases.CreateDeployment -->
